This is pdfTeX, Version 3.14159265-2.6-1.40.20 (MiKTeX 2.9.7050 64-bit) (preloaded format=pdflatex 2019.6.3)  8 JUN 2020 15:25
entering extended mode
**./phulucA.tex
(phulucA.tex
LaTeX2e <2018-12-01>

! LaTeX Error: Command \thealgorithm undefined.

See the LaTeX manual or LaTeX Companion for explanation.
Type  H <return>  for immediate help.
 ...                                              
                                                  
l.2 \renewcommand{\thealgorithm}
                                {A.\arabic{algorithm}}
Try typing  <return>  to proceed.
If that doesn't work, type  X <return>  to quit.


! LaTeX Error: No counter 'algorithm' defined.

See the LaTeX manual or LaTeX Companion for explanation.
Type  H <return>  for immediate help.
 ...                                              
                                                  
l.3 \setcounter{algorithm}{0}
                             
Your command was ignored.
Type  I <command> <return>  to replace it with another command,
or  <return>  to continue without it.


! LaTeX Error: Missing \begin{document}.

See the LaTeX manual or LaTeX Companion for explanation.
Type  H <return>  for immediate help.
 ...                                              
                                                  
l.5 T
     hu·∫≠t to√°n NCG do Lustig v√† c·ªông s·ª± ƒë·ªÅ xu·∫•t  ƒë·ªÉ gi·∫£i p...

You're in trouble here.  Try typing  <return>  to proceed.
If that doesn't work, type  X <return>  to quit.

Missing character: There is no T in font nullfont!
Missing character: There is no h in font nullfont!
Missing character: There is no u in font nullfont!

! Package inputenc Error: Unicode character ·∫≠ (U+1EAD)
(inputenc)                not set up for use with LaTeX.

See the inputenc package documentation for explanation.
Type  H <return>  for immediate help.
 ...                                              
                                                  
l.5 Thu·∫≠
          t to√°n NCG do Lustig v√† c·ªông s·ª± ƒë·ªÅ xu·∫•t  ƒë·ªÉ gi·∫£i p...

You may provide a definition with
\DeclareUnicodeCharacter 

Missing character: There is no t in font nullfont!
Missing character: There is no t in font nullfont!
Missing character: There is no o in font nullfont!
LaTeX Font Info:    Try loading font information for +cmr on input line 5.
LaTeX Font Info:    No file cmr.fd. on input line 5.

LaTeX Font Warning: Font shape `/cmr/m/n' undefined
(Font)              using `/cmr/m/n' instead on input line 5.

! Corrupted NFSS tables.
wrong@fontshape ...message {Corrupted NFSS tables}
                                                  error@fontshape else let f...
l.5 Thu·∫≠t to√°
                n NCG do Lustig v√† c·ªông s·ª± ƒë·ªÅ xu·∫•t  ƒë·ªÉ gi·∫£i p...
This error message was generated by an \errmessage
command, so I can't give any explicit help.
Pretend that you're Hercule Poirot: Examine all clues,
and deduce the truth by order and method.


LaTeX Font Warning: Font shape `/cmr/m/n' undefined
(Font)              using `OT1/cmr/m/n' instead on input line 5.

Missing character: There is no n in font nullfont!
Missing character: There is no N in font nullfont!
Missing character: There is no C in font nullfont!
Missing character: There is no G in font nullfont!
Missing character: There is no d in font nullfont!
Missing character: There is no o in font nullfont!
Missing character: There is no L in font nullfont!
Missing character: There is no u in font nullfont!
Missing character: There is no s in font nullfont!
Missing character: There is no t in font nullfont!
Missing character: There is no i in font nullfont!
Missing character: There is no g in font nullfont!
Missing character: There is no v in font nullfont!
Missing character: There is no c in font nullfont!

! Package inputenc Error: Unicode character ·ªô (U+1ED9)
(inputenc)                not set up for use with LaTeX.

See the inputenc package documentation for explanation.
Type  H <return>  for immediate help.
 ...                                              
                                                  
l.5 Thu·∫≠t to√°n NCG do Lustig v√† c·ªô
                                        ng s·ª± ƒë·ªÅ xu·∫•t  ƒë·ªÉ gi·∫£i p...

You may provide a definition with
\DeclareUnicodeCharacter 

Missing character: There is no n in font nullfont!
Missing character: There is no g in font nullfont!
Missing character: There is no s in font nullfont!

! Package inputenc Error: Unicode character ·ª± (U+1EF1)
(inputenc)                not set up for use with LaTeX.

See the inputenc package documentation for explanation.
Type  H <return>  for immediate help.
 ...                                              
                                                  
l.5 Thu·∫≠t to√°n NCG do Lustig v√† c·ªông s·ª±
                                                ƒë·ªÅ xu·∫•t  ƒë·ªÉ gi·∫£i p...

You may provide a definition with
\DeclareUnicodeCharacter 


! LaTeX Error: Command \dj unavailable in encoding .

See the LaTeX manual or LaTeX Companion for explanation.
Type  H <return>  for immediate help.
 ...                                              
                                                  
l.5 Thu·∫≠t to√°n NCG do Lustig v√† c·ªông s·ª± ƒë
                                                  ·ªÅ xu·∫•t  ƒë·ªÉ gi·∫£i p...

Your command was ignored.
Type  I <command> <return>  to replace it with another command,
or  <return>  to continue without it.


! Package inputenc Error: Unicode character ·ªÅ (U+1EC1)
(inputenc)                not set up for use with LaTeX.

See the inputenc package documentation for explanation.
Type  H <return>  for immediate help.
 ...                                              
                                                  
l.5 ...t to√°n NCG do Lustig v√† c·ªông s·ª± ƒë·ªÅ
                                                   xu·∫•t  ƒë·ªÉ gi·∫£i ph∆∞...

You may provide a definition with
\DeclareUnicodeCharacter 

Missing character: There is no x in font nullfont!
Missing character: There is no u in font nullfont!

! Package inputenc Error: Unicode character ·∫• (U+1EA5)
(inputenc)                not set up for use with LaTeX.

See the inputenc package documentation for explanation.
Type  H <return>  for immediate help.
 ...                                              
                                                  
l.5 ...n NCG do Lustig v√† c·ªông s·ª± ƒë·ªÅ xu·∫•
                                                  t  ƒë·ªÉ gi·∫£i ph∆∞∆°ng~t...

You may provide a definition with
\DeclareUnicodeCharacter 

Missing character: There is no t in font nullfont!

! LaTeX Error: Command \dj unavailable in encoding .

See the LaTeX manual or LaTeX Companion for explanation.
Type  H <return>  for immediate help.
 ...                                              
                                                  
l.5 ... do Lustig v√† c·ªông s·ª± ƒë·ªÅ xu·∫•t  ƒë
                                                  ·ªÉ gi·∫£i ph∆∞∆°ng~tr√¨nh
Your command was ignored.
Type  I <command> <return>  to replace it with another command,
or  <return>  to continue without it.


! Package inputenc Error: Unicode character ·ªÉ (U+1EC3)
(inputenc)                not set up for use with LaTeX.

See the inputenc package documentation for explanation.
Type  H <return>  for immediate help.
 ...                                              
                                                  
l.5 ... Lustig v√† c·ªông s·ª± ƒë·ªÅ xu·∫•t  ƒë·ªÉ
                                                   gi·∫£i ph∆∞∆°ng~tr√¨nh
You may provide a definition with
\DeclareUnicodeCharacter 

Missing character: There is no g in font nullfont!
Missing character: There is no i in font nullfont!

! Package inputenc Error: Unicode character ·∫£ (U+1EA3)
(inputenc)                not set up for use with LaTeX.

See the inputenc package documentation for explanation.
Type  H <return>  for immediate help.
 ...                                              
                                                  
l.5 ...g v√† c·ªông s·ª± ƒë·ªÅ xu·∫•t  ƒë·ªÉ gi·∫£
                                                  i ph∆∞∆°ng~tr√¨nh
You may provide a definition with
\DeclareUnicodeCharacter 

Missing character: There is no i in font nullfont!
Missing character: There is no p in font nullfont!
Missing character: There is no h in font nullfont!

! Package inputenc Error: Unicode character ∆∞ (U+01B0)
(inputenc)                not set up for use with LaTeX.

See the inputenc package documentation for explanation.
Type  H <return>  for immediate help.
 ...                                              
                                                  
l.5 ...c·ªông s·ª± ƒë·ªÅ xu·∫•t  ƒë·ªÉ gi·∫£i ph∆∞
                                                  ∆°ng~tr√¨nh
You may provide a definition with
\DeclareUnicodeCharacter 


! Package inputenc Error: Unicode character ∆° (U+01A1)
(inputenc)                not set up for use with LaTeX.

See the inputenc package documentation for explanation.
Type  H <return>  for immediate help.
 ...                                              
                                                  
l.5 ...ªông s·ª± ƒë·ªÅ xu·∫•t  ƒë·ªÉ gi·∫£i ph∆∞∆°
                                                  ng~tr√¨nh
You may provide a definition with
\DeclareUnicodeCharacter 

Missing character: There is no n in font nullfont!
Missing character: There is no g in font nullfont!
Missing character: There is no t in font nullfont!
Missing character: There is no r in font nullfont!
Missing character: There is no n in font nullfont!
Missing character: There is no h in font nullfont!
)
! Emergency stop.
<*> ./phulucA.tex
                 
*** (job aborted, no legal \end found)

 
Here is how much of TeX's memory you used:
 32 strings out of 492895
 354 string characters out of 3133480
 57975 words of memory out of 3000000
 4047 multiletter control sequences out of 15000+200000
 3640 words of font info for 14 fonts, out of 3000000 for 9000
 1141 hyphenation exceptions out of 8191
 16i,1n,16p,129b,88s stack positions out of 5000i,500n,10000p,200000b,50000s
!  ==> Fatal error occurred, no output PDF file produced!
